Caluculating LMS Data for customer:+p_cust_name
aaYour Loan is approved, details:
Principal23444
Interest Amt1054.98
total24498.98
Caluculating LMS Data for customer:+p_cust_name
aa 86858Your Loan is approved, details:
Principal11621
Interest Amt464.84000000000003
total12085.84
Caluculating LMS Data for customer:+p_cust_name
aa 90116Your Loan is approved, details:
Principal13813
Interest Amt690.6500000000001
total14503.65
Caluculating LMS Data for customer:+p_cust_name
aa 44341Your Loan is approved, details:
Principal10928
Interest Amt491.76
total11419.76
Caluculating LMS Data for customer:+p_cust_name
aa 16122Your Loan is approved, details:
Principal17788
Interest Amt622.58
total18410.58
Caluculating LMS Data for customer:+p_cust_name
aa 21973Your Loan is approved, details:
Principal17748
Interest Amt887.4000000000001
total18635.4
Caluculating LMS Data for customer:+p_cust_name
aa 73779Your Loan is approved, details:
Principal22807
Interest Amt1026.315
total23833.315
Caluculating LMS Data for customer:+p_cust_name
aa 31641Your Loan is approved, details:
Principal21388
Interest Amt962.4599999999999
total22350.46
Caluculating LMS Data for customer:+p_cust_name
aa 94729Your Loan is approved, details:
Principal22116
Interest Amt774.0600000000001
total22890.06
Caluculating LMS Data for customer:+p_cust_name
aa 16753Your Loan is approved, details:
Principal15672
Interest Amt705.24
total16377.24
Caluculating LMS Data for customer:+p_cust_name
aa 40429Your Loan is approved, details:
Principal17351
Interest Amt867.5500000000001
total18218.55
